2026-06-10 00:13:31.697 +02:00 [INF] 9ac2bdf0-a32e-49a5-a73e-5f812290de2e HTTP GET /api/v1/discovery/trending started | CorrelationId: 9ac2bdf0-a32e-49a5-a73e-5f812290de2e
2026-06-10 00:13:34.511 +02:00 [WRN] 9ac2bdf0-a32e-49a5-a73e-5f812290de2e Failed to determine the https port for redirect.
2026-06-10 00:13:36.976 +02:00 [INF] eb950ffc-52e4-4536-be69-a2cf057983b7 HTTP GET /api/v1/discovery/trending started | CorrelationId: eb950ffc-52e4-4536-be69-a2cf057983b7
2026-06-10 00:13:36.942 +02:00 [INF] 9ac2bdf0-a32e-49a5-a73e-5f812290de2e Handling FetchTrendingVideosCommand
2026-06-10 00:13:36.989 +02:00 [INF] eb950ffc-52e4-4536-be69-a2cf057983b7 Handling FetchTrendingVideosCommand
2026-06-10 00:13:37.427 +02:00 [ERR] 9ac2bdf0-a32e-49a5-a73e-5f812290de2e HTTP GET /api/v1/discovery/trending responded 500 in 5581.1735ms
System.OperationCanceledException: The operation was canceled.
   at System.Threading.CancellationToken.ThrowOperationCanceledException()
   at System.Threading.CancellationToken.ThrowIfCancellationRequested()
   at FluentValidation.AbstractValidator`1.ValidateInternalAsync(ValidationContext`1 context, Boolean useAsync, CancellationToken cancellation) in /_/src/FluentValidation/AbstractValidator.cs:line 243
   at FluentValidation.AbstractValidator`1.ValidateAsync(ValidationContext`1 context, CancellationToken cancellation) in /_/src/FluentValidation/AbstractValidator.cs:line 220
   at ContentGapAnalyzer.Application.Behaviors.ValidationBehavior`2.Handle(TRequest request, RequestHandlerDelegate`1 next, CancellationToken cancellationToken) in C:\Users\hossam\Downloads\gap back\ContentGapAnalyzer\ContentGapAnalyzer.Application\Behaviors\PipelineBehaviors.cs:line 29
   at ContentGapAnalyzer.Application.Behaviors.LoggingBehavior`2.Handle(TRequest request, RequestHandlerDelegate`1 next, CancellationToken cancellationToken) in C:\Users\hossam\Downloads\gap back\ContentGapAnalyzer\ContentGapAnalyzer.Application\Behaviors\PipelineBehaviors.cs:line 63
   at MediatR.Pipeline.RequestExceptionProcessorBehavior`2.Handle(TRequest request, RequestHandlerDelegate`1 next, CancellationToken cancellationToken)
   at MediatR.Pipeline.RequestExceptionProcessorBehavior`2.Handle(TRequest request, RequestHandlerDelegate`1 next, CancellationToken cancellationToken)
   at MediatR.Pipeline.RequestExceptionActionProcessorBehavior`2.Handle(TRequest request, RequestHandlerDelegate`1 next, CancellationToken cancellationToken)
   at MediatR.Pipeline.RequestExceptionActionProcessorBehavior`2.Handle(TRequest request, RequestHandlerDelegate`1 next, CancellationToken cancellationToken)
   at MediatR.Pipeline.RequestPostProcessorBehavior`2.Handle(TRequest request, RequestHandlerDelegate`1 next, CancellationToken cancellationToken)
   at MediatR.Pipeline.RequestPreProcessorBehavior`2.Handle(TRequest request, RequestHandlerDelegate`1 next, CancellationToken cancellationToken)
   at ContentGapAnalyzer.API.Controllers.DiscoveryController.GetTrendingVideos(String region, String categoryId, String keywords, Int32 maxResults, CancellationToken cancellationToken) in C:\Users\hossam\Downloads\gap back\ContentGapAnalyzer\ContentGapAnalyzer.API\Controllers\DiscoveryController.cs:line 42
   at Microsoft.AspNetCore.Mvc.Infrastructure.ActionMethodExecutor.TaskOfIActionResultExecutor.Execute(ActionContext actionContext, IActionResultTypeMapper mapper, ObjectMethodExecutor executor, Object controller, Object[] arguments)
   at Microsoft.AspNetCore.Mvc.Infrastructure.ControllerActionInvoker.<InvokeActionMethodAsync>g__Awaited|12_0(ControllerActionInvoker invoker, ValueTask`1 actionResultValueTask)
   at Microsoft.AspNetCore.Mvc.Infrastructure.ControllerActionInvoker.<InvokeNextActionFilterAsync>g__Awaited|10_0(ControllerActionInvoker invoker, Task lastTask, State next, Scope scope, Object state, Boolean isCompleted)
   at Microsoft.AspNetCore.Mvc.Infrastructure.ControllerActionInvoker.Rethrow(ActionExecutedContextSealed context)
   at Microsoft.AspNetCore.Mvc.Infrastructure.ControllerActionInvoker.Next(State& next, Scope& scope, Object& state, Boolean& isCompleted)
   at Microsoft.AspNetCore.Mvc.Infrastructure.ControllerActionInvoker.InvokeInnerFilterAsync()
--- End of stack trace from previous location ---
   at Microsoft.AspNetCore.Mvc.Infrastructure.ResourceInvoker.<InvokeFilterPipelineAsync>g__Awaited|20_0(ResourceInvoker invoker, Task lastTask, State next, Scope scope, Object state, Boolean isCompleted)
   at Microsoft.AspNetCore.Mvc.Infrastructure.ResourceInvoker.<InvokeAsync>g__Awaited|17_0(ResourceInvoker invoker, Task task, IDisposable scope)
   at Microsoft.AspNetCore.Mvc.Infrastructure.ResourceInvoker.<InvokeAsync>g__Awaited|17_0(ResourceInvoker invoker, Task task, IDisposable scope)
   at Microsoft.AspNetCore.Authorization.AuthorizationMiddleware.Invoke(HttpContext context)
   at Microsoft.AspNetCore.RateLimiting.RateLimitingMiddleware.InvokeInternal(HttpContext context, EnableRateLimitingAttribute enableRateLimitingAttribute)
   at Swashbuckle.AspNetCore.SwaggerUI.SwaggerUIMiddleware.Invoke(HttpContext httpContext)
   at Swashbuckle.AspNetCore.Swagger.SwaggerMiddleware.Invoke(HttpContext httpContext, ISwaggerProvider swaggerProvider)
   at Serilog.AspNetCore.RequestLoggingMiddleware.Invoke(HttpContext httpContext)
2026-06-10 00:13:39.536 +02:00 [ERR]  Unhandled exception on GET /api/v1/discovery/trending
System.OperationCanceledException: The operation was canceled.
   at System.Threading.CancellationToken.ThrowOperationCanceledException()
   at System.Threading.CancellationToken.ThrowIfCancellationRequested()
   at FluentValidation.AbstractValidator`1.ValidateInternalAsync(ValidationContext`1 context, Boolean useAsync, CancellationToken cancellation) in /_/src/FluentValidation/AbstractValidator.cs:line 243
   at FluentValidation.AbstractValidator`1.ValidateAsync(ValidationContext`1 context, CancellationToken cancellation) in /_/src/FluentValidation/AbstractValidator.cs:line 220
   at ContentGapAnalyzer.Application.Behaviors.ValidationBehavior`2.Handle(TRequest request, RequestHandlerDelegate`1 next, CancellationToken cancellationToken) in C:\Users\hossam\Downloads\gap back\ContentGapAnalyzer\ContentGapAnalyzer.Application\Behaviors\PipelineBehaviors.cs:line 29
   at ContentGapAnalyzer.Application.Behaviors.LoggingBehavior`2.Handle(TRequest request, RequestHandlerDelegate`1 next, CancellationToken cancellationToken) in C:\Users\hossam\Downloads\gap back\ContentGapAnalyzer\ContentGapAnalyzer.Application\Behaviors\PipelineBehaviors.cs:line 63
   at MediatR.Pipeline.RequestExceptionProcessorBehavior`2.Handle(TRequest request, RequestHandlerDelegate`1 next, CancellationToken cancellationToken)
   at MediatR.Pipeline.RequestExceptionProcessorBehavior`2.Handle(TRequest request, RequestHandlerDelegate`1 next, CancellationToken cancellationToken)
   at MediatR.Pipeline.RequestExceptionActionProcessorBehavior`2.Handle(TRequest request, RequestHandlerDelegate`1 next, CancellationToken cancellationToken)
   at MediatR.Pipeline.RequestExceptionActionProcessorBehavior`2.Handle(TRequest request, RequestHandlerDelegate`1 next, CancellationToken cancellationToken)
   at MediatR.Pipeline.RequestPostProcessorBehavior`2.Handle(TRequest request, RequestHandlerDelegate`1 next, CancellationToken cancellationToken)
   at MediatR.Pipeline.RequestPreProcessorBehavior`2.Handle(TRequest request, RequestHandlerDelegate`1 next, CancellationToken cancellationToken)
   at ContentGapAnalyzer.API.Controllers.DiscoveryController.GetTrendingVideos(String region, String categoryId, String keywords, Int32 maxResults, CancellationToken cancellationToken) in C:\Users\hossam\Downloads\gap back\ContentGapAnalyzer\ContentGapAnalyzer.API\Controllers\DiscoveryController.cs:line 42
   at Microsoft.AspNetCore.Mvc.Infrastructure.ActionMethodExecutor.TaskOfIActionResultExecutor.Execute(ActionContext actionContext, IActionResultTypeMapper mapper, ObjectMethodExecutor executor, Object controller, Object[] arguments)
   at Microsoft.AspNetCore.Mvc.Infrastructure.ControllerActionInvoker.<InvokeActionMethodAsync>g__Awaited|12_0(ControllerActionInvoker invoker, ValueTask`1 actionResultValueTask)
   at Microsoft.AspNetCore.Mvc.Infrastructure.ControllerActionInvoker.<InvokeNextActionFilterAsync>g__Awaited|10_0(ControllerActionInvoker invoker, Task lastTask, State next, Scope scope, Object state, Boolean isCompleted)
   at Microsoft.AspNetCore.Mvc.Infrastructure.ControllerActionInvoker.Rethrow(ActionExecutedContextSealed context)
   at Microsoft.AspNetCore.Mvc.Infrastructure.ControllerActionInvoker.Next(State& next, Scope& scope, Object& state, Boolean& isCompleted)
   at Microsoft.AspNetCore.Mvc.Infrastructure.ControllerActionInvoker.InvokeInnerFilterAsync()
--- End of stack trace from previous location ---
   at Microsoft.AspNetCore.Mvc.Infrastructure.ResourceInvoker.<InvokeFilterPipelineAsync>g__Awaited|20_0(ResourceInvoker invoker, Task lastTask, State next, Scope scope, Object state, Boolean isCompleted)
   at Microsoft.AspNetCore.Mvc.Infrastructure.ResourceInvoker.<InvokeAsync>g__Awaited|17_0(ResourceInvoker invoker, Task task, IDisposable scope)
   at Microsoft.AspNetCore.Mvc.Infrastructure.ResourceInvoker.<InvokeAsync>g__Awaited|17_0(ResourceInvoker invoker, Task task, IDisposable scope)
   at Microsoft.AspNetCore.Authorization.AuthorizationMiddleware.Invoke(HttpContext context)
   at Microsoft.AspNetCore.RateLimiting.RateLimitingMiddleware.InvokeInternal(HttpContext context, EnableRateLimitingAttribute enableRateLimitingAttribute)
   at Swashbuckle.AspNetCore.SwaggerUI.SwaggerUIMiddleware.Invoke(HttpContext httpContext)
   at Swashbuckle.AspNetCore.Swagger.SwaggerMiddleware.Invoke(HttpContext httpContext, ISwaggerProvider swaggerProvider)
   at Serilog.AspNetCore.RequestLoggingMiddleware.Invoke(HttpContext httpContext)
   at ContentGapAnalyzer.API.Middleware.RequestLoggingMiddleware.InvokeAsync(HttpContext context) in C:\Users\hossam\Downloads\gap back\ContentGapAnalyzer\ContentGapAnalyzer.API\Middleware\RequestMiddlewares.cs:line 49
   at ContentGapAnalyzer.API.Middleware.PerformanceLoggingMiddleware.InvokeAsync(HttpContext context) in C:\Users\hossam\Downloads\gap back\ContentGapAnalyzer\ContentGapAnalyzer.API\Middleware\RequestMiddlewares.cs:line 75
   at ContentGapAnalyzer.API.Middleware.CorrelationIdMiddleware.InvokeAsync(HttpContext context) in C:\Users\hossam\Downloads\gap back\ContentGapAnalyzer\ContentGapAnalyzer.API\Middleware\RequestMiddlewares.cs:line 23
   at ContentGapAnalyzer.API.Middleware.GlobalExceptionMiddleware.InvokeAsync(HttpContext context) in C:\Users\hossam\Downloads\gap back\ContentGapAnalyzer\ContentGapAnalyzer.API\Middleware\GlobalExceptionMiddleware.cs:line 23
2026-06-10 00:13:42.643 +02:00 [INF] eb950ffc-52e4-4536-be69-a2cf057983b7 Fetching trending videos from YouTube: region=US, limit=10
2026-06-10 00:13:42.777 +02:00 [INF] eb950ffc-52e4-4536-be69-a2cf057983b7 Start processing HTTP request GET https://www.googleapis.com/youtube/v3/videos?part=snippet,statistics,contentDetails&chart=mostPopular&regionCode=US&maxResults=10&key=AIzaSyAdDoOB5ZWa1Zvjzft2MIWlEnIujOYObRo
2026-06-10 00:13:43.025 +02:00 [INF] eb950ffc-52e4-4536-be69-a2cf057983b7 Sending HTTP request GET https://www.googleapis.com/youtube/v3/videos?part=snippet,statistics,contentDetails&chart=mostPopular&regionCode=US&maxResults=10&key=AIzaSyAdDoOB5ZWa1Zvjzft2MIWlEnIujOYObRo
2026-06-10 00:13:44.922 +02:00 [INF] eb950ffc-52e4-4536-be69-a2cf057983b7 Received HTTP response headers after 1887.1831ms - 200
2026-06-10 00:13:44.930 +02:00 [INF] eb950ffc-52e4-4536-be69-a2cf057983b7 End processing HTTP request after 2195.4507ms - 200
2026-06-10 00:13:51.053 +02:00 [ERR] eb950ffc-52e4-4536-be69-a2cf057983b7 HTTP GET /api/v1/discovery/trending responded 500 in 14066.6310ms
System.OperationCanceledException: The operation was canceled.
   at System.Threading.CancellationToken.ThrowOperationCanceledException()
   at System.Threading.CancellationToken.ThrowIfCancellationRequested()
   at Microsoft.EntityFrameworkCore.Storage.ExecutionStrategy.ExecuteImplementationAsync[TState,TResult](Func`4 operation, Func`4 verifySucceeded, TState state, CancellationToken cancellationToken)
   at Microsoft.EntityFrameworkCore.Storage.ExecutionStrategy.ExecuteAsync[TState,TResult](TState state, Func`4 operation, Func`4 verifySucceeded, CancellationToken cancellationToken)
   at Microsoft.EntityFrameworkCore.Query.Internal.SingleQueryingEnumerable`1.AsyncEnumerator.MoveNextAsync()
   at Microsoft.EntityFrameworkCore.EntityFrameworkQueryableExtensions.ToListAsync[TSource](IQueryable`1 source, CancellationToken cancellationToken)
   at Microsoft.EntityFrameworkCore.EntityFrameworkQueryableExtensions.ToListAsync[TSource](IQueryable`1 source, CancellationToken cancellationToken)
   at ContentGapAnalyzer.Infrastructure.Persistence.Repositories.Repository`1.FindAsync(Expression`1 predicate, CancellationToken cancellationToken) in C:\Users\hossam\Downloads\gap back\ContentGapAnalyzer\ContentGapAnalyzer.Infrastructure\Persistence\Repositories\Repository.cs:line 31
   at ContentGapAnalyzer.Application.Handlers.FetchTrendingVideosHandler.Handle(FetchTrendingVideosCommand request, CancellationToken cancellationToken) in C:\Users\hossam\Downloads\gap back\ContentGapAnalyzer\ContentGapAnalyzer.Application\Handlers\FetchTrendingVideosHandler.cs:line 68
   at ContentGapAnalyzer.Application.Behaviors.ValidationBehavior`2.Handle(TRequest request, RequestHandlerDelegate`1 next, CancellationToken cancellationToken) in C:\Users\hossam\Downloads\gap back\ContentGapAnalyzer\ContentGapAnalyzer.Application\Behaviors\PipelineBehaviors.cs:line 38
   at ContentGapAnalyzer.Application.Behaviors.LoggingBehavior`2.Handle(TRequest request, RequestHandlerDelegate`1 next, CancellationToken cancellationToken) in C:\Users\hossam\Downloads\gap back\ContentGapAnalyzer\ContentGapAnalyzer.Application\Behaviors\PipelineBehaviors.cs:line 63
   at MediatR.Pipeline.RequestExceptionProcessorBehavior`2.Handle(TRequest request, RequestHandlerDelegate`1 next, CancellationToken cancellationToken)
   at MediatR.Pipeline.RequestExceptionProcessorBehavior`2.Handle(TRequest request, RequestHandlerDelegate`1 next, CancellationToken cancellationToken)
   at MediatR.Pipeline.RequestExceptionActionProcessorBehavior`2.Handle(TRequest request, RequestHandlerDelegate`1 next, CancellationToken cancellationToken)
   at MediatR.Pipeline.RequestExceptionActionProcessorBehavior`2.Handle(TRequest request, RequestHandlerDelegate`1 next, CancellationToken cancellationToken)
   at MediatR.Pipeline.RequestPostProcessorBehavior`2.Handle(TRequest request, RequestHandlerDelegate`1 next, CancellationToken cancellationToken)
   at MediatR.Pipeline.RequestPreProcessorBehavior`2.Handle(TRequest request, RequestHandlerDelegate`1 next, CancellationToken cancellationToken)
   at ContentGapAnalyzer.API.Controllers.DiscoveryController.GetTrendingVideos(String region, String categoryId, String keywords, Int32 maxResults, CancellationToken cancellationToken) in C:\Users\hossam\Downloads\gap back\ContentGapAnalyzer\ContentGapAnalyzer.API\Controllers\DiscoveryController.cs:line 42
   at Microsoft.AspNetCore.Mvc.Infrastructure.ActionMethodExecutor.TaskOfIActionResultExecutor.Execute(ActionContext actionContext, IActionResultTypeMapper mapper, ObjectMethodExecutor executor, Object controller, Object[] arguments)
   at Microsoft.AspNetCore.Mvc.Infrastructure.ControllerActionInvoker.<InvokeActionMethodAsync>g__Awaited|12_0(ControllerActionInvoker invoker, ValueTask`1 actionResultValueTask)
   at Microsoft.AspNetCore.Mvc.Infrastructure.ControllerActionInvoker.<InvokeNextActionFilterAsync>g__Awaited|10_0(ControllerActionInvoker invoker, Task lastTask, State next, Scope scope, Object state, Boolean isCompleted)
   at Microsoft.AspNetCore.Mvc.Infrastructure.ControllerActionInvoker.Rethrow(ActionExecutedContextSealed context)
   at Microsoft.AspNetCore.Mvc.Infrastructure.ControllerActionInvoker.Next(State& next, Scope& scope, Object& state, Boolean& isCompleted)
   at Microsoft.AspNetCore.Mvc.Infrastructure.ControllerActionInvoker.<InvokeInnerFilterAsync>g__Awaited|13_0(ControllerActionInvoker invoker, Task lastTask, State next, Scope scope, Object state, Boolean isCompleted)
   at Microsoft.AspNetCore.Mvc.Infrastructure.ResourceInvoker.<InvokeFilterPipelineAsync>g__Awaited|20_0(ResourceInvoker invoker, Task lastTask, State next, Scope scope, Object state, Boolean isCompleted)
   at Microsoft.AspNetCore.Mvc.Infrastructure.ResourceInvoker.<InvokeAsync>g__Awaited|17_0(ResourceInvoker invoker, Task task, IDisposable scope)
   at Microsoft.AspNetCore.Mvc.Infrastructure.ResourceInvoker.<InvokeAsync>g__Awaited|17_0(ResourceInvoker invoker, Task task, IDisposable scope)
   at Microsoft.AspNetCore.Authorization.AuthorizationMiddleware.Invoke(HttpContext context)
   at Microsoft.AspNetCore.RateLimiting.RateLimitingMiddleware.InvokeInternal(HttpContext context, EnableRateLimitingAttribute enableRateLimitingAttribute)
   at Swashbuckle.AspNetCore.SwaggerUI.SwaggerUIMiddleware.Invoke(HttpContext httpContext)
   at Swashbuckle.AspNetCore.Swagger.SwaggerMiddleware.Invoke(HttpContext httpContext, ISwaggerProvider swaggerProvider)
   at Serilog.AspNetCore.RequestLoggingMiddleware.Invoke(HttpContext httpContext)
2026-06-10 00:13:51.250 +02:00 [ERR]  Unhandled exception on GET /api/v1/discovery/trending
System.OperationCanceledException: The operation was canceled.
   at System.Threading.CancellationToken.ThrowOperationCanceledException()
   at System.Threading.CancellationToken.ThrowIfCancellationRequested()
   at Microsoft.EntityFrameworkCore.Storage.ExecutionStrategy.ExecuteImplementationAsync[TState,TResult](Func`4 operation, Func`4 verifySucceeded, TState state, CancellationToken cancellationToken)
   at Microsoft.EntityFrameworkCore.Storage.ExecutionStrategy.ExecuteAsync[TState,TResult](TState state, Func`4 operation, Func`4 verifySucceeded, CancellationToken cancellationToken)
   at Microsoft.EntityFrameworkCore.Query.Internal.SingleQueryingEnumerable`1.AsyncEnumerator.MoveNextAsync()
   at Microsoft.EntityFrameworkCore.EntityFrameworkQueryableExtensions.ToListAsync[TSource](IQueryable`1 source, CancellationToken cancellationToken)
   at Microsoft.EntityFrameworkCore.EntityFrameworkQueryableExtensions.ToListAsync[TSource](IQueryable`1 source, CancellationToken cancellationToken)
   at ContentGapAnalyzer.Infrastructure.Persistence.Repositories.Repository`1.FindAsync(Expression`1 predicate, CancellationToken cancellationToken) in C:\Users\hossam\Downloads\gap back\ContentGapAnalyzer\ContentGapAnalyzer.Infrastructure\Persistence\Repositories\Repository.cs:line 31
   at ContentGapAnalyzer.Application.Handlers.FetchTrendingVideosHandler.Handle(FetchTrendingVideosCommand request, CancellationToken cancellationToken) in C:\Users\hossam\Downloads\gap back\ContentGapAnalyzer\ContentGapAnalyzer.Application\Handlers\FetchTrendingVideosHandler.cs:line 68
   at ContentGapAnalyzer.Application.Behaviors.ValidationBehavior`2.Handle(TRequest request, RequestHandlerDelegate`1 next, CancellationToken cancellationToken) in C:\Users\hossam\Downloads\gap back\ContentGapAnalyzer\ContentGapAnalyzer.Application\Behaviors\PipelineBehaviors.cs:line 38
   at ContentGapAnalyzer.Application.Behaviors.LoggingBehavior`2.Handle(TRequest request, RequestHandlerDelegate`1 next, CancellationToken cancellationToken) in C:\Users\hossam\Downloads\gap back\ContentGapAnalyzer\ContentGapAnalyzer.Application\Behaviors\PipelineBehaviors.cs:line 63
   at MediatR.Pipeline.RequestExceptionProcessorBehavior`2.Handle(TRequest request, RequestHandlerDelegate`1 next, CancellationToken cancellationToken)
   at MediatR.Pipeline.RequestExceptionProcessorBehavior`2.Handle(TRequest request, RequestHandlerDelegate`1 next, CancellationToken cancellationToken)
   at MediatR.Pipeline.RequestExceptionActionProcessorBehavior`2.Handle(TRequest request, RequestHandlerDelegate`1 next, CancellationToken cancellationToken)
   at MediatR.Pipeline.RequestExceptionActionProcessorBehavior`2.Handle(TRequest request, RequestHandlerDelegate`1 next, CancellationToken cancellationToken)
   at MediatR.Pipeline.RequestPostProcessorBehavior`2.Handle(TRequest request, RequestHandlerDelegate`1 next, CancellationToken cancellationToken)
   at MediatR.Pipeline.RequestPreProcessorBehavior`2.Handle(TRequest request, RequestHandlerDelegate`1 next, CancellationToken cancellationToken)
   at ContentGapAnalyzer.API.Controllers.DiscoveryController.GetTrendingVideos(String region, String categoryId, String keywords, Int32 maxResults, CancellationToken cancellationToken) in C:\Users\hossam\Downloads\gap back\ContentGapAnalyzer\ContentGapAnalyzer.API\Controllers\DiscoveryController.cs:line 42
   at Microsoft.AspNetCore.Mvc.Infrastructure.ActionMethodExecutor.TaskOfIActionResultExecutor.Execute(ActionContext actionContext, IActionResultTypeMapper mapper, ObjectMethodExecutor executor, Object controller, Object[] arguments)
   at Microsoft.AspNetCore.Mvc.Infrastructure.ControllerActionInvoker.<InvokeActionMethodAsync>g__Awaited|12_0(ControllerActionInvoker invoker, ValueTask`1 actionResultValueTask)
   at Microsoft.AspNetCore.Mvc.Infrastructure.ControllerActionInvoker.<InvokeNextActionFilterAsync>g__Awaited|10_0(ControllerActionInvoker invoker, Task lastTask, State next, Scope scope, Object state, Boolean isCompleted)
   at Microsoft.AspNetCore.Mvc.Infrastructure.ControllerActionInvoker.Rethrow(ActionExecutedContextSealed context)
   at Microsoft.AspNetCore.Mvc.Infrastructure.ControllerActionInvoker.Next(State& next, Scope& scope, Object& state, Boolean& isCompleted)
   at Microsoft.AspNetCore.Mvc.Infrastructure.ControllerActionInvoker.<InvokeInnerFilterAsync>g__Awaited|13_0(ControllerActionInvoker invoker, Task lastTask, State next, Scope scope, Object state, Boolean isCompleted)
   at Microsoft.AspNetCore.Mvc.Infrastructure.ResourceInvoker.<InvokeFilterPipelineAsync>g__Awaited|20_0(ResourceInvoker invoker, Task lastTask, State next, Scope scope, Object state, Boolean isCompleted)
   at Microsoft.AspNetCore.Mvc.Infrastructure.ResourceInvoker.<InvokeAsync>g__Awaited|17_0(ResourceInvoker invoker, Task task, IDisposable scope)
   at Microsoft.AspNetCore.Mvc.Infrastructure.ResourceInvoker.<InvokeAsync>g__Awaited|17_0(ResourceInvoker invoker, Task task, IDisposable scope)
   at Microsoft.AspNetCore.Authorization.AuthorizationMiddleware.Invoke(HttpContext context)
   at Microsoft.AspNetCore.RateLimiting.RateLimitingMiddleware.InvokeInternal(HttpContext context, EnableRateLimitingAttribute enableRateLimitingAttribute)
   at Swashbuckle.AspNetCore.SwaggerUI.SwaggerUIMiddleware.Invoke(HttpContext httpContext)
   at Swashbuckle.AspNetCore.Swagger.SwaggerMiddleware.Invoke(HttpContext httpContext, ISwaggerProvider swaggerProvider)
   at Serilog.AspNetCore.RequestLoggingMiddleware.Invoke(HttpContext httpContext)
   at ContentGapAnalyzer.API.Middleware.RequestLoggingMiddleware.InvokeAsync(HttpContext context) in C:\Users\hossam\Downloads\gap back\ContentGapAnalyzer\ContentGapAnalyzer.API\Middleware\RequestMiddlewares.cs:line 49
   at ContentGapAnalyzer.API.Middleware.PerformanceLoggingMiddleware.InvokeAsync(HttpContext context) in C:\Users\hossam\Downloads\gap back\ContentGapAnalyzer\ContentGapAnalyzer.API\Middleware\RequestMiddlewares.cs:line 75
   at ContentGapAnalyzer.API.Middleware.CorrelationIdMiddleware.InvokeAsync(HttpContext context) in C:\Users\hossam\Downloads\gap back\ContentGapAnalyzer\ContentGapAnalyzer.API\Middleware\RequestMiddlewares.cs:line 23
   at ContentGapAnalyzer.API.Middleware.GlobalExceptionMiddleware.InvokeAsync(HttpContext context) in C:\Users\hossam\Downloads\gap back\ContentGapAnalyzer\ContentGapAnalyzer.API\Middleware\GlobalExceptionMiddleware.cs:line 23
2026-06-10 00:17:27.412 +02:00 [INF] efaf89ad-3002-4660-b250-985666d12266 HTTP GET /api/v1/discovery/trending started | CorrelationId: efaf89ad-3002-4660-b250-985666d12266
2026-06-10 00:17:27.418 +02:00 [INF] efaf89ad-3002-4660-b250-985666d12266 Handling FetchTrendingVideosCommand
2026-06-10 00:17:27.421 +02:00 [INF] efaf89ad-3002-4660-b250-985666d12266 Fetching trending videos from YouTube: region=US, limit=10
2026-06-10 00:17:27.422 +02:00 [INF] efaf89ad-3002-4660-b250-985666d12266 Start processing HTTP request GET https://www.googleapis.com/youtube/v3/videos?part=snippet,statistics,contentDetails&chart=mostPopular&regionCode=US&maxResults=10&key=AIzaSyAdDoOB5ZWa1Zvjzft2MIWlEnIujOYObRo
2026-06-10 00:17:27.423 +02:00 [INF] efaf89ad-3002-4660-b250-985666d12266 Sending HTTP request GET https://www.googleapis.com/youtube/v3/videos?part=snippet,statistics,contentDetails&chart=mostPopular&regionCode=US&maxResults=10&key=AIzaSyAdDoOB5ZWa1Zvjzft2MIWlEnIujOYObRo
2026-06-10 00:17:27.636 +02:00 [INF] efaf89ad-3002-4660-b250-985666d12266 Received HTTP response headers after 212.2589ms - 200
2026-06-10 00:17:27.637 +02:00 [INF] efaf89ad-3002-4660-b250-985666d12266 End processing HTTP request after 215.1791ms - 200
2026-06-10 00:17:42.203 +02:00 [ERR] efaf89ad-3002-4660-b250-985666d12266 An error occurred using the connection to database 'AutotubeDB' on server '.\SQLEXPRESS'.
2026-06-10 00:17:42.213 +02:00 [ERR] efaf89ad-3002-4660-b250-985666d12266 HTTP GET /api/v1/discovery/trending responded 500 in 14799.6482ms
System.Threading.Tasks.TaskCanceledException: A task was canceled.
   at Microsoft.EntityFrameworkCore.Storage.RelationalConnection.OpenInternalAsync(Boolean errorsExpected, CancellationToken cancellationToken)
   at Microsoft.EntityFrameworkCore.Storage.RelationalConnection.OpenInternalAsync(Boolean errorsExpected, CancellationToken cancellationToken)
   at Microsoft.EntityFrameworkCore.Storage.RelationalConnection.OpenAsync(CancellationToken cancellationToken, Boolean errorsExpected)
   at Microsoft.EntityFrameworkCore.Storage.RelationalCommand.ExecuteReaderAsync(RelationalCommandParameterObject parameterObject, CancellationToken cancellationToken)
   at Microsoft.EntityFrameworkCore.Query.Internal.SingleQueryingEnumerable`1.AsyncEnumerator.InitializeReaderAsync(AsyncEnumerator enumerator, CancellationToken cancellationToken)
   at Microsoft.EntityFrameworkCore.Storage.ExecutionStrategy.<>c__DisplayClass30_0`2.<<ExecuteAsync>b__0>d.MoveNext()
--- End of stack trace from previous location ---
   at Microsoft.EntityFrameworkCore.Storage.ExecutionStrategy.ExecuteImplementationAsync[TState,TResult](Func`4 operation, Func`4 verifySucceeded, TState state, CancellationToken cancellationToken)
   at Microsoft.EntityFrameworkCore.Storage.ExecutionStrategy.ExecuteImplementationAsync[TState,TResult](Func`4 operation, Func`4 verifySucceeded, TState state, CancellationToken cancellationToken)
   at Microsoft.EntityFrameworkCore.Storage.ExecutionStrategy.ExecuteAsync[TState,TResult](TState state, Func`4 operation, Func`4 verifySucceeded, CancellationToken cancellationToken)
   at Microsoft.EntityFrameworkCore.Query.Internal.SingleQueryingEnumerable`1.AsyncEnumerator.MoveNextAsync()
   at Microsoft.EntityFrameworkCore.EntityFrameworkQueryableExtensions.ToListAsync[TSource](IQueryable`1 source, CancellationToken cancellationToken)
   at Microsoft.EntityFrameworkCore.EntityFrameworkQueryableExtensions.ToListAsync[TSource](IQueryable`1 source, CancellationToken cancellationToken)
   at ContentGapAnalyzer.Infrastructure.Persistence.Repositories.Repository`1.FindAsync(Expression`1 predicate, CancellationToken cancellationToken) in C:\Users\hossam\Downloads\gap back\ContentGapAnalyzer\ContentGapAnalyzer.Infrastructure\Persistence\Repositories\Repository.cs:line 31
   at ContentGapAnalyzer.Application.Handlers.FetchTrendingVideosHandler.Handle(FetchTrendingVideosCommand request, CancellationToken cancellationToken) in C:\Users\hossam\Downloads\gap back\ContentGapAnalyzer\ContentGapAnalyzer.Application\Handlers\FetchTrendingVideosHandler.cs:line 68
   at ContentGapAnalyzer.Application.Behaviors.ValidationBehavior`2.Handle(TRequest request, RequestHandlerDelegate`1 next, CancellationToken cancellationToken) in C:\Users\hossam\Downloads\gap back\ContentGapAnalyzer\ContentGapAnalyzer.Application\Behaviors\PipelineBehaviors.cs:line 38
   at ContentGapAnalyzer.Application.Behaviors.LoggingBehavior`2.Handle(TRequest request, RequestHandlerDelegate`1 next, CancellationToken cancellationToken) in C:\Users\hossam\Downloads\gap back\ContentGapAnalyzer\ContentGapAnalyzer.Application\Behaviors\PipelineBehaviors.cs:line 63
   at MediatR.Pipeline.RequestExceptionProcessorBehavior`2.Handle(TRequest request, RequestHandlerDelegate`1 next, CancellationToken cancellationToken)
   at MediatR.Pipeline.RequestExceptionProcessorBehavior`2.Handle(TRequest request, RequestHandlerDelegate`1 next, CancellationToken cancellationToken)
   at MediatR.Pipeline.RequestExceptionActionProcessorBehavior`2.Handle(TRequest request, RequestHandlerDelegate`1 next, CancellationToken cancellationToken)
   at MediatR.Pipeline.RequestExceptionActionProcessorBehavior`2.Handle(TRequest request, RequestHandlerDelegate`1 next, CancellationToken cancellationToken)
   at MediatR.Pipeline.RequestPostProcessorBehavior`2.Handle(TRequest request, RequestHandlerDelegate`1 next, CancellationToken cancellationToken)
   at MediatR.Pipeline.RequestPreProcessorBehavior`2.Handle(TRequest request, RequestHandlerDelegate`1 next, CancellationToken cancellationToken)
   at ContentGapAnalyzer.API.Controllers.DiscoveryController.GetTrendingVideos(String region, String categoryId, String keywords, Int32 maxResults, CancellationToken cancellationToken) in C:\Users\hossam\Downloads\gap back\ContentGapAnalyzer\ContentGapAnalyzer.API\Controllers\DiscoveryController.cs:line 42
   at Microsoft.AspNetCore.Mvc.Infrastructure.ActionMethodExecutor.TaskOfIActionResultExecutor.Execute(ActionContext actionContext, IActionResultTypeMapper mapper, ObjectMethodExecutor executor, Object controller, Object[] arguments)
   at Microsoft.AspNetCore.Mvc.Infrastructure.ControllerActionInvoker.<InvokeActionMethodAsync>g__Awaited|12_0(ControllerActionInvoker invoker, ValueTask`1 actionResultValueTask)
   at Microsoft.AspNetCore.Mvc.Infrastructure.ControllerActionInvoker.<InvokeNextActionFilterAsync>g__Awaited|10_0(ControllerActionInvoker invoker, Task lastTask, State next, Scope scope, Object state, Boolean isCompleted)
   at Microsoft.AspNetCore.Mvc.Infrastructure.ControllerActionInvoker.Rethrow(ActionExecutedContextSealed context)
   at Microsoft.AspNetCore.Mvc.Infrastructure.ControllerActionInvoker.Next(State& next, Scope& scope, Object& state, Boolean& isCompleted)
   at Microsoft.AspNetCore.Mvc.Infrastructure.ControllerActionInvoker.<InvokeInnerFilterAsync>g__Awaited|13_0(ControllerActionInvoker invoker, Task lastTask, State next, Scope scope, Object state, Boolean isCompleted)
   at Microsoft.AspNetCore.Mvc.Infrastructure.ResourceInvoker.<InvokeFilterPipelineAsync>g__Awaited|20_0(ResourceInvoker invoker, Task lastTask, State next, Scope scope, Object state, Boolean isCompleted)
   at Microsoft.AspNetCore.Mvc.Infrastructure.ResourceInvoker.<InvokeAsync>g__Awaited|17_0(ResourceInvoker invoker, Task task, IDisposable scope)
   at Microsoft.AspNetCore.Mvc.Infrastructure.ResourceInvoker.<InvokeAsync>g__Awaited|17_0(ResourceInvoker invoker, Task task, IDisposable scope)
   at Microsoft.AspNetCore.Authorization.AuthorizationMiddleware.Invoke(HttpContext context)
   at Microsoft.AspNetCore.RateLimiting.RateLimitingMiddleware.InvokeInternal(HttpContext context, EnableRateLimitingAttribute enableRateLimitingAttribute)
   at Swashbuckle.AspNetCore.SwaggerUI.SwaggerUIMiddleware.Invoke(HttpContext httpContext)
   at Swashbuckle.AspNetCore.Swagger.SwaggerMiddleware.Invoke(HttpContext httpContext, ISwaggerProvider swaggerProvider)
   at Serilog.AspNetCore.RequestLoggingMiddleware.Invoke(HttpContext httpContext)
2026-06-10 00:17:42.487 +02:00 [ERR]  Unhandled exception on GET /api/v1/discovery/trending
System.Threading.Tasks.TaskCanceledException: A task was canceled.
   at Microsoft.EntityFrameworkCore.Storage.RelationalConnection.OpenInternalAsync(Boolean errorsExpected, CancellationToken cancellationToken)
   at Microsoft.EntityFrameworkCore.Storage.RelationalConnection.OpenInternalAsync(Boolean errorsExpected, CancellationToken cancellationToken)
   at Microsoft.EntityFrameworkCore.Storage.RelationalConnection.OpenAsync(CancellationToken cancellationToken, Boolean errorsExpected)
   at Microsoft.EntityFrameworkCore.Storage.RelationalCommand.ExecuteReaderAsync(RelationalCommandParameterObject parameterObject, CancellationToken cancellationToken)
   at Microsoft.EntityFrameworkCore.Query.Internal.SingleQueryingEnumerable`1.AsyncEnumerator.InitializeReaderAsync(AsyncEnumerator enumerator, CancellationToken cancellationToken)
   at Microsoft.EntityFrameworkCore.Storage.ExecutionStrategy.<>c__DisplayClass30_0`2.<<ExecuteAsync>b__0>d.MoveNext()
--- End of stack trace from previous location ---
   at Microsoft.EntityFrameworkCore.Storage.ExecutionStrategy.ExecuteImplementationAsync[TState,TResult](Func`4 operation, Func`4 verifySucceeded, TState state, CancellationToken cancellationToken)
   at Microsoft.EntityFrameworkCore.Storage.ExecutionStrategy.ExecuteImplementationAsync[TState,TResult](Func`4 operation, Func`4 verifySucceeded, TState state, CancellationToken cancellationToken)
   at Microsoft.EntityFrameworkCore.Storage.ExecutionStrategy.ExecuteAsync[TState,TResult](TState state, Func`4 operation, Func`4 verifySucceeded, CancellationToken cancellationToken)
   at Microsoft.EntityFrameworkCore.Query.Internal.SingleQueryingEnumerable`1.AsyncEnumerator.MoveNextAsync()
   at Microsoft.EntityFrameworkCore.EntityFrameworkQueryableExtensions.ToListAsync[TSource](IQueryable`1 source, CancellationToken cancellationToken)
   at Microsoft.EntityFrameworkCore.EntityFrameworkQueryableExtensions.ToListAsync[TSource](IQueryable`1 source, CancellationToken cancellationToken)
   at ContentGapAnalyzer.Infrastructure.Persistence.Repositories.Repository`1.FindAsync(Expression`1 predicate, CancellationToken cancellationToken) in C:\Users\hossam\Downloads\gap back\ContentGapAnalyzer\ContentGapAnalyzer.Infrastructure\Persistence\Repositories\Repository.cs:line 31
   at ContentGapAnalyzer.Application.Handlers.FetchTrendingVideosHandler.Handle(FetchTrendingVideosCommand request, CancellationToken cancellationToken) in C:\Users\hossam\Downloads\gap back\ContentGapAnalyzer\ContentGapAnalyzer.Application\Handlers\FetchTrendingVideosHandler.cs:line 68
   at ContentGapAnalyzer.Application.Behaviors.ValidationBehavior`2.Handle(TRequest request, RequestHandlerDelegate`1 next, CancellationToken cancellationToken) in C:\Users\hossam\Downloads\gap back\ContentGapAnalyzer\ContentGapAnalyzer.Application\Behaviors\PipelineBehaviors.cs:line 38
   at ContentGapAnalyzer.Application.Behaviors.LoggingBehavior`2.Handle(TRequest request, RequestHandlerDelegate`1 next, CancellationToken cancellationToken) in C:\Users\hossam\Downloads\gap back\ContentGapAnalyzer\ContentGapAnalyzer.Application\Behaviors\PipelineBehaviors.cs:line 63
   at MediatR.Pipeline.RequestExceptionProcessorBehavior`2.Handle(TRequest request, RequestHandlerDelegate`1 next, CancellationToken cancellationToken)
   at MediatR.Pipeline.RequestExceptionProcessorBehavior`2.Handle(TRequest request, RequestHandlerDelegate`1 next, CancellationToken cancellationToken)
   at MediatR.Pipeline.RequestExceptionActionProcessorBehavior`2.Handle(TRequest request, RequestHandlerDelegate`1 next, CancellationToken cancellationToken)
   at MediatR.Pipeline.RequestExceptionActionProcessorBehavior`2.Handle(TRequest request, RequestHandlerDelegate`1 next, CancellationToken cancellationToken)
   at MediatR.Pipeline.RequestPostProcessorBehavior`2.Handle(TRequest request, RequestHandlerDelegate`1 next, CancellationToken cancellationToken)
   at MediatR.Pipeline.RequestPreProcessorBehavior`2.Handle(TRequest request, RequestHandlerDelegate`1 next, CancellationToken cancellationToken)
   at ContentGapAnalyzer.API.Controllers.DiscoveryController.GetTrendingVideos(String region, String categoryId, String keywords, Int32 maxResults, CancellationToken cancellationToken) in C:\Users\hossam\Downloads\gap back\ContentGapAnalyzer\ContentGapAnalyzer.API\Controllers\DiscoveryController.cs:line 42
   at Microsoft.AspNetCore.Mvc.Infrastructure.ActionMethodExecutor.TaskOfIActionResultExecutor.Execute(ActionContext actionContext, IActionResultTypeMapper mapper, ObjectMethodExecutor executor, Object controller, Object[] arguments)
   at Microsoft.AspNetCore.Mvc.Infrastructure.ControllerActionInvoker.<InvokeActionMethodAsync>g__Awaited|12_0(ControllerActionInvoker invoker, ValueTask`1 actionResultValueTask)
   at Microsoft.AspNetCore.Mvc.Infrastructure.ControllerActionInvoker.<InvokeNextActionFilterAsync>g__Awaited|10_0(ControllerActionInvoker invoker, Task lastTask, State next, Scope scope, Object state, Boolean isCompleted)
   at Microsoft.AspNetCore.Mvc.Infrastructure.ControllerActionInvoker.Rethrow(ActionExecutedContextSealed context)
   at Microsoft.AspNetCore.Mvc.Infrastructure.ControllerActionInvoker.Next(State& next, Scope& scope, Object& state, Boolean& isCompleted)
   at Microsoft.AspNetCore.Mvc.Infrastructure.ControllerActionInvoker.<InvokeInnerFilterAsync>g__Awaited|13_0(ControllerActionInvoker invoker, Task lastTask, State next, Scope scope, Object state, Boolean isCompleted)
   at Microsoft.AspNetCore.Mvc.Infrastructure.ResourceInvoker.<InvokeFilterPipelineAsync>g__Awaited|20_0(ResourceInvoker invoker, Task lastTask, State next, Scope scope, Object state, Boolean isCompleted)
   at Microsoft.AspNetCore.Mvc.Infrastructure.ResourceInvoker.<InvokeAsync>g__Awaited|17_0(ResourceInvoker invoker, Task task, IDisposable scope)
   at Microsoft.AspNetCore.Mvc.Infrastructure.ResourceInvoker.<InvokeAsync>g__Awaited|17_0(ResourceInvoker invoker, Task task, IDisposable scope)
   at Microsoft.AspNetCore.Authorization.AuthorizationMiddleware.Invoke(HttpContext context)
   at Microsoft.AspNetCore.RateLimiting.RateLimitingMiddleware.InvokeInternal(HttpContext context, EnableRateLimitingAttribute enableRateLimitingAttribute)
   at Swashbuckle.AspNetCore.SwaggerUI.SwaggerUIMiddleware.Invoke(HttpContext httpContext)
   at Swashbuckle.AspNetCore.Swagger.SwaggerMiddleware.Invoke(HttpContext httpContext, ISwaggerProvider swaggerProvider)
   at Serilog.AspNetCore.RequestLoggingMiddleware.Invoke(HttpContext httpContext)
   at ContentGapAnalyzer.API.Middleware.RequestLoggingMiddleware.InvokeAsync(HttpContext context) in C:\Users\hossam\Downloads\gap back\ContentGapAnalyzer\ContentGapAnalyzer.API\Middleware\RequestMiddlewares.cs:line 49
   at ContentGapAnalyzer.API.Middleware.PerformanceLoggingMiddleware.InvokeAsync(HttpContext context) in C:\Users\hossam\Downloads\gap back\ContentGapAnalyzer\ContentGapAnalyzer.API\Middleware\RequestMiddlewares.cs:line 75
   at ContentGapAnalyzer.API.Middleware.CorrelationIdMiddleware.InvokeAsync(HttpContext context) in C:\Users\hossam\Downloads\gap back\ContentGapAnalyzer\ContentGapAnalyzer.API\Middleware\RequestMiddlewares.cs:line 23
   at ContentGapAnalyzer.API.Middleware.GlobalExceptionMiddleware.InvokeAsync(HttpContext context) in C:\Users\hossam\Downloads\gap back\ContentGapAnalyzer\ContentGapAnalyzer.API\Middleware\GlobalExceptionMiddleware.cs:line 23
2026-06-10 00:22:18.213 +02:00 [INF] d368ac59-e331-4d16-8a6d-9dc8dbc5b721 HTTP GET /api/v1/discovery/trending started | CorrelationId: d368ac59-e331-4d16-8a6d-9dc8dbc5b721
2026-06-10 00:22:18.216 +02:00 [INF] d368ac59-e331-4d16-8a6d-9dc8dbc5b721 Handling FetchTrendingVideosCommand
2026-06-10 00:22:18.245 +02:00 [INF] d368ac59-e331-4d16-8a6d-9dc8dbc5b721 Fetching trending videos from YouTube: region=US, limit=10
2026-06-10 00:22:18.408 +02:00 [INF] d368ac59-e331-4d16-8a6d-9dc8dbc5b721 Start processing HTTP request GET https://www.googleapis.com/youtube/v3/videos?part=snippet,statistics,contentDetails&chart=mostPopular&regionCode=US&maxResults=10&key=AIzaSyAdDoOB5ZWa1Zvjzft2MIWlEnIujOYObRo
2026-06-10 00:22:18.411 +02:00 [INF] d368ac59-e331-4d16-8a6d-9dc8dbc5b721 Sending HTTP request GET https://www.googleapis.com/youtube/v3/videos?part=snippet,statistics,contentDetails&chart=mostPopular&regionCode=US&maxResults=10&key=AIzaSyAdDoOB5ZWa1Zvjzft2MIWlEnIujOYObRo
2026-06-10 00:22:18.706 +02:00 [INF] d368ac59-e331-4d16-8a6d-9dc8dbc5b721 Received HTTP response headers after 293.4962ms - 200
2026-06-10 00:22:18.730 +02:00 [INF] d368ac59-e331-4d16-8a6d-9dc8dbc5b721 End processing HTTP request after 321.6079ms - 200
2026-06-10 00:22:27.080 +02:00 [INF] d368ac59-e331-4d16-8a6d-9dc8dbc5b721 Handled FetchTrendingVideosCommand in 8862ms
2026-06-10 00:22:27.082 +02:00 [WRN] d368ac59-e331-4d16-8a6d-9dc8dbc5b721 Slow request detected: FetchTrendingVideosCommand took 8862ms
2026-06-10 00:22:27.287 +02:00 [INF] d368ac59-e331-4d16-8a6d-9dc8dbc5b721 HTTP GET /api/v1/discovery/trending responded 200 in 9072.0279ms
2026-06-10 00:22:27.289 +02:00 [INF] d368ac59-e331-4d16-8a6d-9dc8dbc5b721 HTTP GET /api/v1/discovery/trending completed with 200 | CorrelationId: d368ac59-e331-4d16-8a6d-9dc8dbc5b721
2026-06-10 00:22:27.291 +02:00 [WRN] d368ac59-e331-4d16-8a6d-9dc8dbc5b721 SLOW REQUEST: GET /api/v1/discovery/trending took 9077ms
2026-06-10 00:22:28.649 +02:00 [INF] 625fe93f-5803-4d54-b3ff-7d30d36a5caa HTTP GET /api/v1/discovery/trending started | CorrelationId: 625fe93f-5803-4d54-b3ff-7d30d36a5caa
2026-06-10 00:22:28.658 +02:00 [INF] 625fe93f-5803-4d54-b3ff-7d30d36a5caa Handling FetchTrendingVideosCommand
2026-06-10 00:22:28.663 +02:00 [INF] 625fe93f-5803-4d54-b3ff-7d30d36a5caa Cache hit for trending videos key: trending:US:::20
2026-06-10 00:22:28.665 +02:00 [INF] 625fe93f-5803-4d54-b3ff-7d30d36a5caa Handled FetchTrendingVideosCommand in 2ms
2026-06-10 00:22:28.673 +02:00 [INF] 625fe93f-5803-4d54-b3ff-7d30d36a5caa HTTP GET /api/v1/discovery/trending responded 200 in 16.3114ms
2026-06-10 00:22:28.956 +02:00 [INF] 625fe93f-5803-4d54-b3ff-7d30d36a5caa HTTP GET /api/v1/discovery/trending completed with 200 | CorrelationId: 625fe93f-5803-4d54-b3ff-7d30d36a5caa
2026-06-10 00:25:04.239 +02:00 [INF] 0db75084-988f-45d5-a514-0c62cfc332b5 HTTP GET /api/v1/discovery/trending started | CorrelationId: 0db75084-988f-45d5-a514-0c62cfc332b5
2026-06-10 00:25:04.493 +02:00 [INF] 0db75084-988f-45d5-a514-0c62cfc332b5 Handling FetchTrendingVideosCommand
2026-06-10 00:25:04.496 +02:00 [INF] 0db75084-988f-45d5-a514-0c62cfc332b5 Cache hit for trending videos key: trending:US:::20
2026-06-10 00:25:04.496 +02:00 [INF] 0db75084-988f-45d5-a514-0c62cfc332b5 Handled FetchTrendingVideosCommand in 1ms
2026-06-10 00:25:04.501 +02:00 [INF] 0db75084-988f-45d5-a514-0c62cfc332b5 HTTP GET /api/v1/discovery/trending responded 200 in 8.7828ms
2026-06-10 00:25:04.506 +02:00 [INF] 0db75084-988f-45d5-a514-0c62cfc332b5 HTTP GET /api/v1/discovery/trending completed with 200 | CorrelationId: 0db75084-988f-45d5-a514-0c62cfc332b5
2026-06-10 00:27:13.661 +02:00 [INF]  Starting Content Gap Analyzer API
2026-06-10 00:27:22.618 +02:00 [INF] b5c5ee3c-97cb-4cfe-83ba-cdccd22d9041 HTTP GET /api/v1/discovery/trending started | CorrelationId: b5c5ee3c-97cb-4cfe-83ba-cdccd22d9041
2026-06-10 00:27:23.009 +02:00 [WRN] b5c5ee3c-97cb-4cfe-83ba-cdccd22d9041 Failed to determine the https port for redirect.
2026-06-10 00:27:23.074 +02:00 [INF] b5c5ee3c-97cb-4cfe-83ba-cdccd22d9041 Handling FetchTrendingVideosCommand
2026-06-10 00:27:23.614 +02:00 [INF] b5c5ee3c-97cb-4cfe-83ba-cdccd22d9041 Fetching trending videos from YouTube: region=US, limit=10
2026-06-10 00:27:23.623 +02:00 [INF] b5c5ee3c-97cb-4cfe-83ba-cdccd22d9041 Start processing HTTP request GET https://www.googleapis.com/youtube/v3/videos?part=snippet,statistics,contentDetails&chart=mostPopular&regionCode=US&maxResults=10&key=AIzaSyAdDoOB5ZWa1Zvjzft2MIWlEnIujOYObRo
2026-06-10 00:27:23.636 +02:00 [INF] b5c5ee3c-97cb-4cfe-83ba-cdccd22d9041 Sending HTTP request GET https://www.googleapis.com/youtube/v3/videos?part=snippet,statistics,contentDetails&chart=mostPopular&regionCode=US&maxResults=10&key=AIzaSyAdDoOB5ZWa1Zvjzft2MIWlEnIujOYObRo
2026-06-10 00:27:24.123 +02:00 [INF] b5c5ee3c-97cb-4cfe-83ba-cdccd22d9041 Received HTTP response headers after 482.8797ms - 200
2026-06-10 00:27:24.131 +02:00 [INF] b5c5ee3c-97cb-4cfe-83ba-cdccd22d9041 End processing HTTP request after 510.5242ms - 200
2026-06-10 00:27:27.803 +02:00 [INF] b5c5ee3c-97cb-4cfe-83ba-cdccd22d9041 Handled FetchTrendingVideosCommand in 4728ms
2026-06-10 00:27:27.807 +02:00 [WRN] b5c5ee3c-97cb-4cfe-83ba-cdccd22d9041 Slow request detected: FetchTrendingVideosCommand took 4728ms
2026-06-10 00:27:27.914 +02:00 [INF] b5c5ee3c-97cb-4cfe-83ba-cdccd22d9041 HTTP GET /api/v1/discovery/trending responded 200 in 5277.3697ms
2026-06-10 00:27:27.919 +02:00 [INF] b5c5ee3c-97cb-4cfe-83ba-cdccd22d9041 HTTP GET /api/v1/discovery/trending completed with 200 | CorrelationId: b5c5ee3c-97cb-4cfe-83ba-cdccd22d9041
2026-06-10 00:27:27.923 +02:00 [WRN] b5c5ee3c-97cb-4cfe-83ba-cdccd22d9041 SLOW REQUEST: GET /api/v1/discovery/trending took 5309ms
2026-06-10 00:46:34.728 +02:00 [INF]  Starting Content Gap Analyzer API
2026-06-10 00:54:21.091 +02:00 [INF] 2b885834-51bb-4d6c-b74b-69d28004b316 HTTP GET /api/v1/discovery/trending started | CorrelationId: 2b885834-51bb-4d6c-b74b-69d28004b316
2026-06-10 00:54:26.569 +02:00 [WRN] 2b885834-51bb-4d6c-b74b-69d28004b316 Failed to determine the https port for redirect.
2026-06-10 00:54:32.581 +02:00 [INF] 2b885834-51bb-4d6c-b74b-69d28004b316 Handling FetchTrendingVideosCommand
2026-06-10 00:54:36.072 +02:00 [INF] 2b885834-51bb-4d6c-b74b-69d28004b316 Fetching trending videos from YouTube: region=US, limit=10
2026-06-10 00:54:36.170 +02:00 [INF] 2b885834-51bb-4d6c-b74b-69d28004b316 Start processing HTTP request GET https://www.googleapis.com/youtube/v3/videos?part=snippet,statistics,contentDetails&chart=mostPopular&regionCode=US&maxResults=10&key=AIzaSyAdDoOB5ZWa1Zvjzft2MIWlEnIujOYObRo
2026-06-10 00:54:36.500 +02:00 [INF] 2b885834-51bb-4d6c-b74b-69d28004b316 Sending HTTP request GET https://www.googleapis.com/youtube/v3/videos?part=snippet,statistics,contentDetails&chart=mostPopular&regionCode=US&maxResults=10&key=AIzaSyAdDoOB5ZWa1Zvjzft2MIWlEnIujOYObRo
2026-06-10 00:54:39.434 +02:00 [INF] 2b885834-51bb-4d6c-b74b-69d28004b316 Received HTTP response headers after 2929.0219ms - 200
2026-06-10 00:54:39.523 +02:00 [INF] 2b885834-51bb-4d6c-b74b-69d28004b316 End processing HTTP request after 3389.4169ms - 200
2026-06-10 00:55:11.281 +02:00 [ERR] 2b885834-51bb-4d6c-b74b-69d28004b316 HTTP GET /api/v1/discovery/trending responded 500 in 49793.3147ms
System.OperationCanceledException: The operation was canceled.
   at System.Threading.CancellationToken.ThrowOperationCanceledException()
   at System.Threading.CancellationToken.ThrowIfCancellationRequested()
   at Microsoft.EntityFrameworkCore.Storage.ExecutionStrategy.ExecuteImplementationAsync[TState,TResult](Func`4 operation, Func`4 verifySucceeded, TState state, CancellationToken cancellationToken)
   at Microsoft.EntityFrameworkCore.Storage.ExecutionStrategy.ExecuteAsync[TState,TResult](TState state, Func`4 operation, Func`4 verifySucceeded, CancellationToken cancellationToken)
   at Microsoft.EntityFrameworkCore.Query.Internal.SingleQueryingEnumerable`1.AsyncEnumerator.MoveNextAsync()
   at Microsoft.EntityFrameworkCore.EntityFrameworkQueryableExtensions.ToListAsync[TSource](IQueryable`1 source, CancellationToken cancellationToken)
   at Microsoft.EntityFrameworkCore.EntityFrameworkQueryableExtensions.ToListAsync[TSource](IQueryable`1 source, CancellationToken cancellationToken)
   at ContentGapAnalyzer.Infrastructure.Persistence.Repositories.Repository`1.FindAsync(Expression`1 predicate, CancellationToken cancellationToken) in C:\Users\hossam\Downloads\gap back\ContentGapAnalyzer\ContentGapAnalyzer.Infrastructure\Persistence\Repositories\Repository.cs:line 31
   at ContentGapAnalyzer.Application.Handlers.FetchTrendingVideosHandler.Handle(FetchTrendingVideosCommand request, CancellationToken cancellationToken) in C:\Users\hossam\Downloads\gap back\ContentGapAnalyzer\ContentGapAnalyzer.Application\Handlers\FetchTrendingVideosHandler.cs:line 59
   at ContentGapAnalyzer.Application.Behaviors.ValidationBehavior`2.Handle(TRequest request, RequestHandlerDelegate`1 next, CancellationToken cancellationToken) in C:\Users\hossam\Downloads\gap back\ContentGapAnalyzer\ContentGapAnalyzer.Application\Behaviors\PipelineBehaviors.cs:line 38
   at ContentGapAnalyzer.Application.Behaviors.LoggingBehavior`2.Handle(TRequest request, RequestHandlerDelegate`1 next, CancellationToken cancellationToken) in C:\Users\hossam\Downloads\gap back\ContentGapAnalyzer\ContentGapAnalyzer.Application\Behaviors\PipelineBehaviors.cs:line 63
   at MediatR.Pipeline.RequestExceptionProcessorBehavior`2.Handle(TRequest request, RequestHandlerDelegate`1 next, CancellationToken cancellationToken)
   at MediatR.Pipeline.RequestExceptionProcessorBehavior`2.Handle(TRequest request, RequestHandlerDelegate`1 next, CancellationToken cancellationToken)
   at MediatR.Pipeline.RequestExceptionActionProcessorBehavior`2.Handle(TRequest request, RequestHandlerDelegate`1 next, CancellationToken cancellationToken)
   at MediatR.Pipeline.RequestExceptionActionProcessorBehavior`2.Handle(TRequest request, RequestHandlerDelegate`1 next, CancellationToken cancellationToken)
   at MediatR.Pipeline.RequestPostProcessorBehavior`2.Handle(TRequest request, RequestHandlerDelegate`1 next, CancellationToken cancellationToken)
   at MediatR.Pipeline.RequestPreProcessorBehavior`2.Handle(TRequest request, RequestHandlerDelegate`1 next, CancellationToken cancellationToken)
   at ContentGapAnalyzer.API.Controllers.DiscoveryController.GetTrendingVideos(String region, String categoryId, String keywords, Int32 maxResults, CancellationToken cancellationToken) in C:\Users\hossam\Downloads\gap back\ContentGapAnalyzer\ContentGapAnalyzer.API\Controllers\DiscoveryController.cs:line 42
   at Microsoft.AspNetCore.Mvc.Infrastructure.ActionMethodExecutor.TaskOfIActionResultExecutor.Execute(ActionContext actionContext, IActionResultTypeMapper mapper, ObjectMethodExecutor executor, Object controller, Object[] arguments)
   at Microsoft.AspNetCore.Mvc.Infrastructure.ControllerActionInvoker.<InvokeActionMethodAsync>g__Awaited|12_0(ControllerActionInvoker invoker, ValueTask`1 actionResultValueTask)
   at Microsoft.AspNetCore.Mvc.Infrastructure.ControllerActionInvoker.<InvokeNextActionFilterAsync>g__Awaited|10_0(ControllerActionInvoker invoker, Task lastTask, State next, Scope scope, Object state, Boolean isCompleted)
   at Microsoft.AspNetCore.Mvc.Infrastructure.ControllerActionInvoker.Rethrow(ActionExecutedContextSealed context)
   at Microsoft.AspNetCore.Mvc.Infrastructure.ControllerActionInvoker.Next(State& next, Scope& scope, Object& state, Boolean& isCompleted)
   at Microsoft.AspNetCore.Mvc.Infrastructure.ControllerActionInvoker.<InvokeInnerFilterAsync>g__Awaited|13_0(ControllerActionInvoker invoker, Task lastTask, State next, Scope scope, Object state, Boolean isCompleted)
   at Microsoft.AspNetCore.Mvc.Infrastructure.ResourceInvoker.<InvokeFilterPipelineAsync>g__Awaited|20_0(ResourceInvoker invoker, Task lastTask, State next, Scope scope, Object state, Boolean isCompleted)
   at Microsoft.AspNetCore.Mvc.Infrastructure.ResourceInvoker.<InvokeAsync>g__Awaited|17_0(ResourceInvoker invoker, Task task, IDisposable scope)
   at Microsoft.AspNetCore.Mvc.Infrastructure.ResourceInvoker.<InvokeAsync>g__Awaited|17_0(ResourceInvoker invoker, Task task, IDisposable scope)
   at Microsoft.AspNetCore.Authorization.AuthorizationMiddleware.Invoke(HttpContext context)
   at Microsoft.AspNetCore.RateLimiting.RateLimitingMiddleware.InvokeInternal(HttpContext context, EnableRateLimitingAttribute enableRateLimitingAttribute)
   at Swashbuckle.AspNetCore.SwaggerUI.SwaggerUIMiddleware.Invoke(HttpContext httpContext)
   at Swashbuckle.AspNetCore.Swagger.SwaggerMiddleware.Invoke(HttpContext httpContext, ISwaggerProvider swaggerProvider)
   at Serilog.AspNetCore.RequestLoggingMiddleware.Invoke(HttpContext httpContext)
2026-06-10 00:55:15.614 +02:00 [INF]  Request was cancelled by the client: GET /api/v1/discovery/trending
